c:\users\tom\documents\github\ddocharplannerv4\debug\vc120.pdb
c:\users\tom\documents\github\ddocharplannerv4\debug\vc120.idb
c:\users\tom\documents\github\ddocharplannerv4\debug\interfacemanagerclass.obj
c:\users\tom\documents\github\ddocharplannerv4\debug\itembuilderclass.obj
c:\users\tom\documents\github\ddocharplannerv4\debug\itemclass.obj
c:\users\tom\documents\github\ddocharplannerv4\debug\itemclickyeffectclass.obj
c:\users\tom\documents\github\ddocharplannerv4\debug\itemeffectclass.obj
c:\users\tom\documents\github\ddocharplannerv4\debug\loadwindowclass.obj
c:\users\tom\documents\github\ddocharplannerv4\debug\mainscreenclass.obj
c:\users\tom\documents\github\ddocharplannerv4\debug\multiclasswindowclass.obj
c:\users\tom\documents\github\ddocharplannerv4\debug\multiabilitywindowclass.obj
c:\users\tom\documents\github\ddocharplannerv4\debug\multienhancementwindowclass.obj
c:\users\tom\documents\github\ddocharplannerv4\debug\multifeatwindowclass.obj
c:\users\tom\documents\github\ddocharplannerv4\debug\multiskillswindowclass.obj
c:\users\tom\documents\github\ddocharplannerv4\debug\multispellswindowclass.obj
c:\users\tom\documents\github\ddocharplannerv4\debug\printclass.obj
c:\users\tom\documents\github\ddocharplannerv4\debug\printwindowclass.obj
c:\users\tom\documents\github\ddocharplannerv4\debug\richeditbitmapclass.obj
c:\users\tom\documents\github\ddocharplannerv4\debug\screen_destiny_base_class.obj
c:\users\tom\documents\github\ddocharplannerv4\debug\screen_destiny_class.obj
c:\users\tom\documents\github\ddocharplannerv4\debug\tooltipwindowclass.obj
c:\users\tom\documents\github\ddocharplannerv4\debug\aboutwindowclass.obj
c:\users\tom\documents\github\ddocharplannerv4\debug\characterclass.obj
c:\users\tom\documents\github\ddocharplannerv4\debug\character_destinies_class.obj
c:\users\tom\documents\github\ddocharplannerv4\debug\character_enhancements_class.obj
c:\users\tom\documents\github\ddocharplannerv4\debug\controlwindowclass.obj
c:\users\tom\documents\github\ddocharplannerv4\debug\dataclass.obj
c:\users\tom\documents\github\ddocharplannerv4\debug\data_destiny_class.obj
c:\users\tom\documents\github\ddocharplannerv4\debug\data_destiny_multiselector_class.obj
c:\users\tom\documents\github\ddocharplannerv4\debug\data_destiny_tree_class.obj
c:\users\tom\documents\github\ddocharplannerv4\debug\data_enhancement_class.obj
c:\users\tom\documents\github\ddocharplannerv4\debug\data_enhancement_multiselector_class.obj
c:\users\tom\documents\github\ddocharplannerv4\debug\data_enhancement_tree_class.obj
c:\users\tom\documents\github\ddocharplannerv4\debug\ddocharplanner.obj
c:\users\tom\documents\github\ddocharplannerv4\debug\enhancementwindowbaseclass.obj
c:\users\tom\documents\github\ddocharplannerv4\debug\enhancementwindowclass.obj
c:\users\tom\documents\github\ddocharplannerv4\debug\exporttemplatedesignwindowclass.obj
c:\users\tom\documents\github\ddocharplannerv4\debug\featdataclass.obj
c:\users\tom\documents\github\ddocharplannerv4\debug\forumexportclass.obj
c:\users\tom\documents\github\ddocharplannerv4\debug\iconclass.obj
c:\users\tom\documents\github\ddocharplannerv4\debug\uicomponentmanager.obj
c:\users\tom\documents\github\ddocharplannerv4\ddocharplanner.ilk
c:\users\tom\documents\github\ddocharplannerv4\ddocharplanner.exe
c:\users\tom\documents\github\ddocharplannerv4\ddocharplanner.pdb
c:\users\tom\documents\github\ddocharplannerv4\debug\ddocharplanner.res
c:\users\tom\documents\github\ddocharplannerv4\debug\ddochargen.obj
c:\users\tom\documents\github\ddocharplannerv4\debug\ddochargen.res
c:\users\tom\documents\github\ddocharplannerv4\\ddocharplanner.pdb
c:\users\tom\documents\github\ddocharplannerv4\\ddocharplanner.exe
c:\users\tom\documents\github\ddocharplannerv4\\ddocharplanner.ilk
c:\users\tom\documents\github\ddocharplannerv4\debug\ddocharplanner.tlog\cl.command.1.tlog
c:\users\tom\documents\github\ddocharplannerv4\debug\ddocharplanner.tlog\cl.read.1.tlog
c:\users\tom\documents\github\ddocharplannerv4\debug\ddocharplanner.tlog\cl.write.1.tlog
c:\users\tom\documents\github\ddocharplannerv4\debug\ddocharplanner.tlog\link.command.1.tlog
c:\users\tom\documents\github\ddocharplannerv4\debug\ddocharplanner.tlog\link.read.1.tlog
c:\users\tom\documents\github\ddocharplannerv4\debug\ddocharplanner.tlog\link.write.1.tlog
c:\users\tom\documents\github\ddocharplannerv4\debug\ddocharplanner.tlog\rc.command.1.tlog
c:\users\tom\documents\github\ddocharplannerv4\debug\ddocharplanner.tlog\rc.read.1.tlog
c:\users\tom\documents\github\ddocharplannerv4\debug\ddocharplanner.tlog\rc.write.1.tlog
