e:\planner\ddochargen - copy - copy\debug\vc120.pdb
e:\planner\ddochargen - copy - copy\debug\vc120.idb
e:\planner\ddochargen - copy - copy\debug\interfacemanagerclass.obj
e:\planner\ddochargen - copy - copy\debug\itembuilderclass.obj
e:\planner\ddochargen - copy - copy\debug\itemclass.obj
e:\planner\ddochargen - copy - copy\debug\itemclickyeffectclass.obj
e:\planner\ddochargen - copy - copy\debug\itemeffectclass.obj
e:\planner\ddochargen - copy - copy\debug\loadwindowclass.obj
e:\planner\ddochargen - copy - copy\debug\mainscreenclass.obj
e:\planner\ddochargen - copy - copy\debug\multiclasswindowclass.obj
e:\planner\ddochargen - copy - copy\debug\multiabilitywindowclass.obj
e:\planner\ddochargen - copy - copy\debug\multienhancementwindowclass.obj
e:\planner\ddochargen - copy - copy\debug\multifeatwindowclass.obj
e:\planner\ddochargen - copy - copy\debug\multiskillswindowclass.obj
e:\planner\ddochargen - copy - copy\debug\multispellswindowclass.obj
e:\planner\ddochargen - copy - copy\debug\printclass.obj
e:\planner\ddochargen - copy - copy\debug\printwindowclass.obj
e:\planner\ddochargen - copy - copy\debug\richeditbitmapclass.obj
e:\planner\ddochargen - copy - copy\debug\screen_destiny_base_class.obj
e:\planner\ddochargen - copy - copy\debug\screen_destiny_class.obj
e:\planner\ddochargen - copy - copy\debug\tooltipwindowclass.obj
e:\planner\ddochargen - copy - copy\debug\uicomponentmanager.obj
e:\planner\ddochargen - copy - copy\debug\aboutwindowclass.obj
e:\planner\ddochargen - copy - copy\debug\characterclass.obj
e:\planner\ddochargen - copy - copy\debug\character_destinies_class.obj
e:\planner\ddochargen - copy - copy\debug\character_enhancements_class.obj
e:\planner\ddochargen - copy - copy\debug\controlwindowclass.obj
e:\planner\ddochargen - copy - copy\debug\dataclass.obj
e:\planner\ddochargen - copy - copy\debug\data_destiny_class.obj
e:\planner\ddochargen - copy - copy\debug\data_destiny_multiselector_class.obj
e:\planner\ddochargen - copy - copy\debug\data_destiny_tree_class.obj
e:\planner\ddochargen - copy - copy\debug\data_enhancement_class.obj
e:\planner\ddochargen - copy - copy\debug\data_enhancement_multiselector_class.obj
e:\planner\ddochargen - copy - copy\debug\data_enhancement_tree_class.obj
e:\planner\ddochargen - copy - copy\debug\ddochargen.obj
e:\planner\ddochargen - copy - copy\debug\enhancementwindowbaseclass.obj
e:\planner\ddochargen - copy - copy\debug\enhancementwindowclass.obj
e:\planner\ddochargen - copy - copy\debug\exporttemplatedesignwindowclass.obj
e:\planner\ddochargen - copy - copy\debug\featdataclass.obj
e:\planner\ddochargen - copy - copy\debug\forumexportclass.obj
e:\planner\ddochargen - copy - copy\debug\iconclass.obj
e:\planner\ddochargen - copy - copy\ddochargen.ilk
e:\planner\ddochargen - copy - copy\ddochargen.exe
e:\planner\ddochargen - copy - copy\ddochargen.pdb
e:\planner\ddochargen - copy - copy\debug\ddochargen.res
e:\planner\ddochargen - copy - copy\\ddochargen.pdb
e:\planner\ddochargen - copy - copy\\ddochargen.exe
e:\planner\ddochargen - copy - copy\\ddochargen.ilk
e:\planner\ddochargen - copy - copy\debug\ddochargen.tlog\cl.command.1.tlog
e:\planner\ddochargen - copy - copy\debug\ddochargen.tlog\cl.read.1.tlog
e:\planner\ddochargen - copy - copy\debug\ddochargen.tlog\cl.write.1.tlog
e:\planner\ddochargen - copy - copy\debug\ddochargen.tlog\link.command.1.tlog
e:\planner\ddochargen - copy - copy\debug\ddochargen.tlog\link.read.1.tlog
e:\planner\ddochargen - copy - copy\debug\ddochargen.tlog\link.write.1.tlog
e:\planner\ddochargen - copy - copy\debug\ddochargen.tlog\rc.command.1.tlog
e:\planner\ddochargen - copy - copy\debug\ddochargen.tlog\rc.read.1.tlog
e:\planner\ddochargen - copy - copy\debug\ddochargen.tlog\rc.write.1.tlog
