Build started 2/3/2017 3:42:40 PM.
     1>Project "E:\Planner\DDOCharGen\DDOCharGen.vcxproj" on node 2 (Build target(s)).
     1>ClCompile:
         C:\Program Files (x86)\Microsoft Visual Studio 12.0\VC\bin\CL.exe /c /ZI /nologo /W3 /WX- /Od /Oy- /D WIN32 /D _DEBUG /D _WINDOWS /D _USING_V110_SDK71_ /Gm /EHsc /RTC1 /MDd /GS /fp:precise /Zc:wchar_t /Zc:forScope /Fo"Debug\\" /Fd"Debug\vc120.pdb" /Gd /TP /analyze- /errorReport:prompt DataClass.cpp
         DataClass.cpp
       Link:
         C:\Program Files (x86)\Microsoft Visual Studio 12.0\VC\bin\link.exe /ERRORREPORT:PROMPT /OUT:"E:\Planner\DDOCharGen\\DDOCharGen.exe" /INCREMENTAL /NOLOGO kernel32.lib user32.lib gdi32.lib winspool.lib comdlg32.lib advapi32.lib shell32.lib ole32.lib oleaut32.lib uuid.lib odbc32.lib odbccp32.lib /MANIFEST /MANIFESTUAC:"level='asInvoker' uiAccess='false'" /manifest:embed /DEBUG /PDB:"E:\Planner\DDOCharGen\\DDOCharGen.pdb" /SUBSYSTEM:WINDOWS,"5.01" /TLBID:1 /DYNAMICBASE /NXCOMPAT /IMPLIB:"E:\Planner\DDOCharGen\\DDOCharGen.lib" /MACHINE:X86 /SAFESEH Debug\DDOCharGen.res
         Debug\AboutWindowClass.obj
         Debug\CharacterClass.obj
         Debug\Character_Destinies_Class.obj
         Debug\Character_Enhancements_Class.obj
         Debug\ControlWindowClass.obj
         Debug\DataClass.obj
         Debug\Data_Destiny_Class.obj
         Debug\Data_Destiny_MultiSelector_Class.obj
         Debug\Data_Destiny_Tree_Class.obj
         Debug\Data_Enhancement_Class.obj
         Debug\Data_Enhancement_MultiSelector_Class.obj
         Debug\Data_Enhancement_Tree_Class.obj
         Debug\DDOCharGen.obj
         Debug\EnhancementWindowBaseClass.obj
         Debug\EnhancementWindowClass.obj
         Debug\ExportTemplateDesignWindowClass.obj
         Debug\FeatDataClass.obj
         Debug\ForumExportClass.obj
         Debug\IconClass.obj
         Debug\InterfaceManagerClass.obj
         Debug\ItemBuilderClass.obj
         Debug\ItemClass.obj
         Debug\ItemClickyEffectClass.obj
         Debug\ItemEffectClass.obj
         Debug\LoadWindowClass.obj
         Debug\MainScreenClass.obj
         Debug\MultiClassWindowClass.obj
         Debug\MultiAbilityWindowClass.obj
         Debug\MultiEnhancementWindowClass.obj
         Debug\MultiFeatWindowClass.obj
         Debug\MultiSkillsWindowClass.obj
         Debug\MultiSpellsWindowClass.obj
         Debug\PrintClass.obj
         Debug\PrintWindowClass.obj
         Debug\RichEditBitmapClass.obj
         Debug\Screen_Destiny_Base_Class.obj
         Debug\Screen_Destiny_Class.obj
         Debug\ToolTipWindowClass.obj
         Debug\UIComponentManager.obj
         DDOCharGen.vcxproj -> E:\Planner\DDOCharGen\\DDOCharGen.exe
     1>Done Building Project "E:\Planner\DDOCharGen\DDOCharGen.vcxproj" (Build target(s)).

Build succeeded.

Time Elapsed 00:00:02.20
