Build started 12/13/2017 3:11:47 PM.
     1>Project "E:\Planner\DDOCharPlannerV4\DDOCharPlanner.vcxproj" on node 2 (Build target(s)).
     1>ClCompile:
         C:\Program Files (x86)\Microsoft Visual Studio 12.0\VC\bin\CL.exe /c /ZI /nologo /W3 /WX- /Od /Oy- /D WIN32 /D _DEBUG /D _WINDOWS /D _USING_V110_SDK71_ /Gm /EHsc /RTC1 /MDd /GS /fp:precise /Zc:wchar_t /Zc:forScope /Fo"Debug\\" /Fd"Debug\vc120.pdb" /Gd /TP /analyze- /errorReport:prompt AboutWindowClass.cpp CharacterClass.cpp Character_Destinies_Class.cpp Character_Enhancements_Class.cpp ControlWindowClass.cpp DDOCharPlanner.cpp DataClass.cpp Data_Destiny_Class.cpp Data_Destiny_MultiSelector_Class.cpp Data_Destiny_Tree_Class.cpp Data_Enhancement_Class.cpp Data_Enhancement_MultiSelector_Class.cpp Data_Enhancement_Tree_Class.cpp EnhancementWindowBaseClass.cpp EnhancementWindowClass.cpp ExportTemplateDesignWindowClass.cpp FeatDataClass.cpp ForumExportClass.cpp IconClass.cpp InterfaceManagerClass.cpp ItemBuilderClass.cpp ItemClass.cpp ItemClickyEffectClass.cpp ItemEffectClass.cpp LoadWindowClass.cpp MainScreenClass.cpp MultiAbilityWindowClass.cpp MultiClassWindowClass.cpp MultiEnhancementWindowClass.cpp MultiFeatWindowClass.cpp MultiSkillsWindowClass.cpp MultiSpellsWindowClass.cpp PrintClass.cpp PrintWindowClass.cpp RichEditBitmapClass.cpp Screen_Destiny_Base_Class.cpp Screen_Destiny_Class.cpp ToolTipWindowClass.cpp UIComponentManager.cpp
         AboutWindowClass.cpp
     1>e:\planner\ddocharplannerv4\aboutwindowclass.cpp(95): warning C4129: 'p' : unrecognized character escape sequence
         Generating Code...
         Compiling...
         UIComponentManager.cpp
         ToolTipWindowClass.cpp
         Screen_Destiny_Class.cpp
         Screen_Destiny_Base_Class.cpp
         RichEditBitmapClass.cpp
         PrintWindowClass.cpp
         PrintClass.cpp
         MultiSpellsWindowClass.cpp
         MultiSkillsWindowClass.cpp
     1>e:\planner\ddocharplannerv4\multiskillswindowclass.cpp(1440): warning C4551: function call missing argument list
     1>e:\planner\ddocharplannerv4\multiskillswindowclass.cpp(1468): warning C4551: function call missing argument list
         MultiFeatWindowClass.cpp
         MultiEnhancementWindowClass.cpp
         MultiClassWindowClass.cpp
         MultiAbilityWindowClass.cpp
         MainScreenClass.cpp
         LoadWindowClass.cpp
         ItemEffectClass.cpp
         ItemClickyEffectClass.cpp
         ItemClass.cpp
         ItemBuilderClass.cpp
         InterfaceManagerClass.cpp
         Generating Code...
         Compiling...
         IconClass.cpp
         ForumExportClass.cpp
         FeatDataClass.cpp
         ExportTemplateDesignWindowClass.cpp
         EnhancementWindowClass.cpp
         EnhancementWindowBaseClass.cpp
         Data_Enhancement_Tree_Class.cpp
         Data_Enhancement_MultiSelector_Class.cpp
         Data_Enhancement_Class.cpp
         Data_Destiny_Tree_Class.cpp
         Data_Destiny_MultiSelector_Class.cpp
         Data_Destiny_Class.cpp
         DataClass.cpp
     1>e:\planner\ddocharplannerv4\dataclass.cpp(838): warning C4101: 'FileHandle' : unreferenced local variable
     1>e:\planner\ddocharplannerv4\dataclass.cpp(839): warning C4101: 'FileData' : unreferenced local variable
     1>e:\planner\ddocharplannerv4\dataclass.cpp(841): warning C4101: 'BytesRead' : unreferenced local variable
     1>e:\planner\ddocharplannerv4\dataclass.cpp(840): warning C4101: 'FileSize' : unreferenced local variable
     1>e:\planner\ddocharplannerv4\dataclass.cpp(842): warning C4101: 'OriginalPointer' : unreferenced local variable
     1>e:\planner\ddocharplannerv4\dataclass.cpp(962): warning C4101: 'FileHandle' : unreferenced local variable
     1>e:\planner\ddocharplannerv4\dataclass.cpp(963): warning C4101: 'FileData' : unreferenced local variable
     1>e:\planner\ddocharplannerv4\dataclass.cpp(965): warning C4101: 'BytesRead' : unreferenced local variable
     1>e:\planner\ddocharplannerv4\dataclass.cpp(964): warning C4101: 'FileSize' : unreferenced local variable
         DDOCharPlanner.cpp
         ControlWindowClass.cpp
         Character_Enhancements_Class.cpp
         Character_Destinies_Class.cpp
         CharacterClass.cpp
     1>e:\planner\ddocharplannerv4\characterclass.cpp(4516): warning C4101: 'temphr' : unreferenced local variable
     1>e:\planner\ddocharplannerv4\characterclass.cpp(5059): warning C4002: too many actual parameters for macro 'RtlZeroMemory'
     1>e:\planner\ddocharplannerv4\characterclass.cpp(5049): warning C4101: 'FileOpen' : unreferenced local variable
     1>e:\planner\ddocharplannerv4\characterclass.cpp(5622): warning C4018: '<' : signed/unsigned mismatch
     1>e:\planner\ddocharplannerv4\characterclass.cpp(5643): warning C4018: '<' : signed/unsigned mismatch
     1>e:\planner\ddocharplannerv4\characterclass.cpp(5668): warning C4018: '<' : signed/unsigned mismatch
     1>e:\planner\ddocharplannerv4\characterclass.cpp(5698): warning C4018: '<' : signed/unsigned mismatch
         Generating Code...
     1>e:\planner\ddocharplannerv4\characterclass.cpp(1610): warning C4715: 'CharacterClass::GetFeatAtLevel' : not all control paths return a value
       Link:
         C:\Program Files (x86)\Microsoft Visual Studio 12.0\VC\bin\link.exe /ERRORREPORT:PROMPT /OUT:"E:\Planner\DDOCharPlannerV4\\DDOCharPlanner.exe" /INCREMENTAL /NOLOGO kernel32.lib user32.lib gdi32.lib winspool.lib comdlg32.lib advapi32.lib shell32.lib ole32.lib oleaut32.lib uuid.lib odbc32.lib odbccp32.lib /MANIFEST /MANIFESTUAC:"level='asInvoker' uiAccess='false'" /manifest:embed /DEBUG /PDB:"E:\Planner\DDOCharPlannerV4\\DDOCharPlanner.pdb" /SUBSYSTEM:WINDOWS,"5.01" /HEAP:"4096","2048" /STACK:"4096","2048" /TLBID:1 /DYNAMICBASE /NXCOMPAT /IMPLIB:"E:\Planner\DDOCharPlannerV4\\DDOCharPlanner.lib" /MACHINE:X86 /SAFESEH Debug\DDOCharPlanner.res
         Debug\AboutWindowClass.obj
         Debug\CharacterClass.obj
         Debug\Character_Destinies_Class.obj
         Debug\Character_Enhancements_Class.obj
         Debug\ControlWindowClass.obj
         Debug\DataClass.obj
         Debug\Data_Destiny_Class.obj
         Debug\Data_Destiny_MultiSelector_Class.obj
         Debug\Data_Destiny_Tree_Class.obj
         Debug\Data_Enhancement_Class.obj
         Debug\Data_Enhancement_MultiSelector_Class.obj
         Debug\Data_Enhancement_Tree_Class.obj
         Debug\DDOCharPlanner.obj
         Debug\EnhancementWindowBaseClass.obj
         Debug\EnhancementWindowClass.obj
         Debug\ExportTemplateDesignWindowClass.obj
         Debug\FeatDataClass.obj
         Debug\ForumExportClass.obj
         Debug\IconClass.obj
         Debug\InterfaceManagerClass.obj
         Debug\ItemBuilderClass.obj
         Debug\ItemClass.obj
         Debug\ItemClickyEffectClass.obj
         Debug\ItemEffectClass.obj
         Debug\LoadWindowClass.obj
         Debug\MainScreenClass.obj
         Debug\MultiClassWindowClass.obj
         Debug\MultiAbilityWindowClass.obj
         Debug\MultiEnhancementWindowClass.obj
         Debug\MultiFeatWindowClass.obj
         Debug\MultiSkillsWindowClass.obj
         Debug\MultiSpellsWindowClass.obj
         Debug\PrintClass.obj
         Debug\PrintWindowClass.obj
         Debug\RichEditBitmapClass.obj
         Debug\Screen_Destiny_Base_Class.obj
         Debug\Screen_Destiny_Class.obj
         Debug\ToolTipWindowClass.obj
         Debug\UIComponentManager.obj
         DDOCharPlanner.vcxproj -> E:\Planner\DDOCharPlannerV4\\DDOCharPlanner.exe
     1>Done Building Project "E:\Planner\DDOCharPlannerV4\DDOCharPlanner.vcxproj" (Build target(s)).

Build succeeded.

Time Elapsed 00:00:51.14
