Build started 2/8/2017 9:18:09 AM.
     1>Project "E:\Planner\DDOCharGen\DDOCharGen.vcxproj" on node 2 (Build target(s)).
     1>C:\Program Files (x86)\MSBuild\Microsoft.Cpp\v4.0\V120\Microsoft.CppBuild.targets(388,5): warning MSB8028: The intermediate directory (Release\) contains files shared from another project (DDOCharGen.vcxproj).  This can lead to incorrect clean and rebuild behavior.
     1>ClCompile:
         C:\Program Files (x86)\Microsoft Visual Studio 12.0\VC\bin\CL.exe /c /Zi /nologo /W3 /WX- /Ox /Oy- /D WIN32 /D NDEBUG /D _WINDOWS /D _USING_V110_SDK71_ /Gm- /EHsc /MT /GS /fp:precise /Zc:wchar_t /Zc:forScope /Fo"Release\\" /Fd"Release\vc120.pdb" /Gd /TP /analyze- /errorReport:prompt AboutWindowClass.cpp CharacterClass.cpp Character_Destinies_Class.cpp Character_Enhancements_Class.cpp ControlWindowClass.cpp DataClass.cpp Data_Destiny_Class.cpp Data_Destiny_MultiSelector_Class.cpp Data_Destiny_Tree_Class.cpp Data_Enhancement_Class.cpp Data_Enhancement_MultiSelector_Class.cpp Data_Enhancement_Tree_Class.cpp DDOCharGen.cpp EnhancementWindowBaseClass.cpp EnhancementWindowClass.cpp ExportTemplateDesignWindowClass.cpp FeatDataClass.cpp ForumExportClass.cpp IconClass.cpp InterfaceManagerClass.cpp ItemBuilderClass.cpp ItemClass.cpp ItemClickyEffectClass.cpp ItemEffectClass.cpp LoadWindowClass.cpp MainScreenClass.cpp MultiClassWindowClass.cpp MultiAbilityWindowClass.cpp MultiEnhancementWindowClass.cpp MultiFeatWindowClass.cpp MultiSkillsWindowClass.cpp MultiSpellsWindowClass.cpp PrintClass.cpp PrintWindowClass.cpp RichEditBitmapClass.cpp Screen_Destiny_Base_Class.cpp Screen_Destiny_Class.cpp ToolTipWindowClass.cpp UIComponentManager.cpp
         AboutWindowClass.cpp
         CharacterClass.cpp
         Character_Destinies_Class.cpp
         Character_Enhancements_Class.cpp
         ControlWindowClass.cpp
         DataClass.cpp
         Data_Destiny_Class.cpp
         Data_Destiny_MultiSelector_Class.cpp
         Data_Destiny_Tree_Class.cpp
         Data_Enhancement_Class.cpp
         Data_Enhancement_MultiSelector_Class.cpp
         Data_Enhancement_Tree_Class.cpp
         DDOCharGen.cpp
         EnhancementWindowBaseClass.cpp
         EnhancementWindowClass.cpp
         ExportTemplateDesignWindowClass.cpp
         FeatDataClass.cpp
         ForumExportClass.cpp
         IconClass.cpp
         InterfaceManagerClass.cpp
         Generating Code...
         Compiling...
         ItemBuilderClass.cpp
         ItemClass.cpp
         ItemClickyEffectClass.cpp
         ItemEffectClass.cpp
         LoadWindowClass.cpp
         MainScreenClass.cpp
         MultiClassWindowClass.cpp
         MultiAbilityWindowClass.cpp
         MultiEnhancementWindowClass.cpp
         MultiFeatWindowClass.cpp
         MultiSkillsWindowClass.cpp
         MultiSpellsWindowClass.cpp
         PrintClass.cpp
         PrintWindowClass.cpp
         RichEditBitmapClass.cpp
         Screen_Destiny_Base_Class.cpp
         Screen_Destiny_Class.cpp
     1>Screen_Destiny_Class.cpp(226): warning C4390: ';' : empty controlled statement found; is this the intent?
     1>Screen_Destiny_Class.cpp(231): warning C4390: ';' : empty controlled statement found; is this the intent?
         ToolTipWindowClass.cpp
         UIComponentManager.cpp
         Generating Code...
       ResourceCompile:
         C:\Program Files (x86)\Microsoft SDKs\Windows\v7.1A\bin\rc.exe /D _USING_V110_SDK71_ /l"0x0409" /nologo /fo"Release\DDOCharGen.res" DDOCharGen.rc 
       Link:
         C:\Program Files (x86)\Microsoft Visual Studio 12.0\VC\bin\link.exe /ERRORREPORT:PROMPT /OUT:"E:\Planner\DDOCharGen\\DDOCharPlan.exe" /INCREMENTAL:NO /NOLOGO kernel32.lib user32.lib gdi32.lib winspool.lib comdlg32.lib advapi32.lib shell32.lib ole32.lib oleaut32.lib uuid.lib odbc32.lib odbccp32.lib /MANIFEST /MANIFESTUAC:"level='asInvoker' uiAccess='false'" /manifest:embed /PDB:"E:\Planner\DDOCharGen\\DDOCharPlan.pdb" /SUBSYSTEM:WINDOWS,"5.01" /OPT:REF /OPT:ICF /TLBID:1 /DYNAMICBASE /NXCOMPAT /IMPLIB:"E:\Planner\DDOCharGen\\DDOCharPlan.lib" /MACHINE:X86 /SAFESEH Release\DDOCharGen.res
         Release\AboutWindowClass.obj
         Release\CharacterClass.obj
         Release\Character_Destinies_Class.obj
         Release\Character_Enhancements_Class.obj
         Release\ControlWindowClass.obj
         Release\DataClass.obj
         Release\Data_Destiny_Class.obj
         Release\Data_Destiny_MultiSelector_Class.obj
         Release\Data_Destiny_Tree_Class.obj
         Release\Data_Enhancement_Class.obj
         Release\Data_Enhancement_MultiSelector_Class.obj
         Release\Data_Enhancement_Tree_Class.obj
         Release\DDOCharGen.obj
         Release\EnhancementWindowBaseClass.obj
         Release\EnhancementWindowClass.obj
         Release\ExportTemplateDesignWindowClass.obj
         Release\FeatDataClass.obj
         Release\ForumExportClass.obj
         Release\IconClass.obj
         Release\InterfaceManagerClass.obj
         Release\ItemBuilderClass.obj
         Release\ItemClass.obj
         Release\ItemClickyEffectClass.obj
         Release\ItemEffectClass.obj
         Release\LoadWindowClass.obj
         Release\MainScreenClass.obj
         Release\MultiClassWindowClass.obj
         Release\MultiAbilityWindowClass.obj
         Release\MultiEnhancementWindowClass.obj
         Release\MultiFeatWindowClass.obj
         Release\MultiSkillsWindowClass.obj
         Release\MultiSpellsWindowClass.obj
         Release\PrintClass.obj
         Release\PrintWindowClass.obj
         Release\RichEditBitmapClass.obj
         Release\Screen_Destiny_Base_Class.obj
         Release\Screen_Destiny_Class.obj
         Release\ToolTipWindowClass.obj
         Release\UIComponentManager.obj
         DDOCharGen.vcxproj -> E:\Planner\DDOCharGen\\DDOCharPlan.exe
     1>Done Building Project "E:\Planner\DDOCharGen\DDOCharGen.vcxproj" (Build target(s)).

Build succeeded.

Time Elapsed 00:00:55.51
