C:\Program Files (x86)\MSBuild\Microsoft.Cpp\v4.0\V120\Microsoft.CppBuild.targets(388,5): warning MSB8028: The intermediate directory (Release\) contains files shared from another project (DDOCharGen.vcxproj, DDOCharPlan.vcxproj).  This can lead to incorrect clean and rebuild behavior.
  AboutWindowClass.cpp
  CharacterClass.cpp
CharacterClass.cpp(4421): warning C4995: 'strcpy': name was marked as #pragma deprecated
CharacterClass.cpp(4421): warning C4996: 'strcpy': This function or variable may be unsafe. Consider using strcpy_s instead. To disable deprecation, use _CRT_SECURE_NO_WARNINGS. See online help for details.
          C:\Program Files (x86)\Microsoft Visual Studio 12.0\VC\include\string.h(112) : see declaration of 'strcpy'
CharacterClass.cpp(4807): warning C4995: 'strcpy': name was marked as #pragma deprecated
CharacterClass.cpp(4807): warning C4996: 'strcpy': This function or variable may be unsafe. Consider using strcpy_s instead. To disable deprecation, use _CRT_SECURE_NO_WARNINGS. See online help for details.
          C:\Program Files (x86)\Microsoft Visual Studio 12.0\VC\include\string.h(112) : see declaration of 'strcpy'
CharacterClass.cpp(5287): warning C4018: '<' : signed/unsigned mismatch
CharacterClass.cpp(5308): warning C4018: '<' : signed/unsigned mismatch
CharacterClass.cpp(5333): warning C4018: '<' : signed/unsigned mismatch
CharacterClass.cpp(5363): warning C4018: '<' : signed/unsigned mismatch
CharacterClass.cpp(4688): warning C4101: 'hWnd' : unreferenced local variable
  Character_Destinies_Class.cpp
  Character_Enhancements_Class.cpp
  ControlWindowClass.cpp
  DataClass.cpp
  Data_Destiny_Class.cpp
  Data_Destiny_MultiSelector_Class.cpp
  Data_Destiny_Tree_Class.cpp
  Data_Enhancement_Class.cpp
  Data_Enhancement_MultiSelector_Class.cpp
  Data_Enhancement_Tree_Class.cpp
  DDOCharPlanner.cpp
  EnhancementWindowBaseClass.cpp
  EnhancementWindowClass.cpp
  ExportTemplateDesignWindowClass.cpp
  FeatDataClass.cpp
  ForumExportClass.cpp
  IconClass.cpp
  InterfaceManagerClass.cpp
  Generating Code...
e:\planner\ddocharplannerv4\characterclass.cpp(1482): warning C4715: 'CharacterClass::GetFeatAtLevel' : not all control paths return a value
  Compiling...
  ItemBuilderClass.cpp
  ItemClass.cpp
  ItemClickyEffectClass.cpp
  ItemEffectClass.cpp
  LoadWindowClass.cpp
  MainScreenClass.cpp
  MultiClassWindowClass.cpp
  MultiAbilityWindowClass.cpp
  MultiEnhancementWindowClass.cpp
  MultiFeatWindowClass.cpp
  MultiSkillsWindowClass.cpp
  MultiSpellsWindowClass.cpp
  PrintClass.cpp
  PrintWindowClass.cpp
  RichEditBitmapClass.cpp
  Screen_Destiny_Base_Class.cpp
  Screen_Destiny_Class.cpp
Screen_Destiny_Class.cpp(226): warning C4390: ';' : empty controlled statement found; is this the intent?
Screen_Destiny_Class.cpp(231): warning C4390: ';' : empty controlled statement found; is this the intent?
  ToolTipWindowClass.cpp
  UIComponentManager.cpp
  Generating Code...
  DDOCharPlanner.vcxproj -> E:\Planner\DDOCharPlannerV4\\DDOCharPlanner.exe
