c:\users\tom\source\repos\ddocharplannerv4\release\vc120.pdb
c:\users\tom\source\repos\ddocharplannerv4\release\interfacemanagerclass.obj
c:\users\tom\source\repos\ddocharplannerv4\release\iconclass.obj
c:\users\tom\source\repos\ddocharplannerv4\release\forumexportclass.obj
c:\users\tom\source\repos\ddocharplannerv4\release\featdataclass.obj
c:\users\tom\source\repos\ddocharplannerv4\release\exporttemplatedesignwindowclass.obj
c:\users\tom\source\repos\ddocharplannerv4\release\enhancementwindowclass.obj
c:\users\tom\source\repos\ddocharplannerv4\release\enhancementwindowbaseclass.obj
c:\users\tom\source\repos\ddocharplannerv4\release\ddocharplanner.obj
c:\users\tom\source\repos\ddocharplannerv4\release\data_enhancement_tree_class.obj
c:\users\tom\source\repos\ddocharplannerv4\release\data_enhancement_multiselector_class.obj
c:\users\tom\source\repos\ddocharplannerv4\release\data_enhancement_class.obj
c:\users\tom\source\repos\ddocharplannerv4\release\data_destiny_tree_class.obj
c:\users\tom\source\repos\ddocharplannerv4\release\data_destiny_multiselector_class.obj
c:\users\tom\source\repos\ddocharplannerv4\release\data_destiny_class.obj
c:\users\tom\source\repos\ddocharplannerv4\release\dataclass.obj
c:\users\tom\source\repos\ddocharplannerv4\release\controlwindowclass.obj
c:\users\tom\source\repos\ddocharplannerv4\release\character_enhancements_class.obj
c:\users\tom\source\repos\ddocharplannerv4\release\character_destinies_class.obj
c:\users\tom\source\repos\ddocharplannerv4\release\characterclass.obj
c:\users\tom\source\repos\ddocharplannerv4\release\aboutwindowclass.obj
c:\users\tom\source\repos\ddocharplannerv4\release\uicomponentmanager.obj
c:\users\tom\source\repos\ddocharplannerv4\release\tooltipwindowclass.obj
c:\users\tom\source\repos\ddocharplannerv4\release\screen_destiny_class.obj
c:\users\tom\source\repos\ddocharplannerv4\release\screen_destiny_base_class.obj
c:\users\tom\source\repos\ddocharplannerv4\release\richeditbitmapclass.obj
c:\users\tom\source\repos\ddocharplannerv4\release\printwindowclass.obj
c:\users\tom\source\repos\ddocharplannerv4\release\printclass.obj
c:\users\tom\source\repos\ddocharplannerv4\release\multispellswindowclass.obj
c:\users\tom\source\repos\ddocharplannerv4\release\multiskillswindowclass.obj
c:\users\tom\source\repos\ddocharplannerv4\release\multifeatwindowclass.obj
c:\users\tom\source\repos\ddocharplannerv4\release\multienhancementwindowclass.obj
c:\users\tom\source\repos\ddocharplannerv4\release\multiabilitywindowclass.obj
c:\users\tom\source\repos\ddocharplannerv4\release\multiclasswindowclass.obj
c:\users\tom\source\repos\ddocharplannerv4\release\mainscreenclass.obj
c:\users\tom\source\repos\ddocharplannerv4\release\loadwindowclass.obj
c:\users\tom\source\repos\ddocharplannerv4\release\itemeffectclass.obj
c:\users\tom\source\repos\ddocharplannerv4\release\itemclickyeffectclass.obj
c:\users\tom\source\repos\ddocharplannerv4\release\itemclass.obj
c:\users\tom\source\repos\ddocharplannerv4\release\itembuilderclass.obj
c:\users\tom\source\repos\ddocharplannerv4\ddocharplanner.exe
c:\users\tom\source\repos\ddocharplannerv4\release\ddocharplanner.res
c:\users\tom\source\repos\ddocharplannerv4\\ddocharplanner.exe
c:\users\tom\source\repos\ddocharplannerv4\release\ddocharplanner.tlog\cl.command.1.tlog
c:\users\tom\source\repos\ddocharplannerv4\release\ddocharplanner.tlog\cl.read.1.tlog
c:\users\tom\source\repos\ddocharplannerv4\release\ddocharplanner.tlog\cl.write.1.tlog
c:\users\tom\source\repos\ddocharplannerv4\release\ddocharplanner.tlog\link.command.1.tlog
c:\users\tom\source\repos\ddocharplannerv4\release\ddocharplanner.tlog\link.read.1.tlog
c:\users\tom\source\repos\ddocharplannerv4\release\ddocharplanner.tlog\link.write.1.tlog
c:\users\tom\source\repos\ddocharplannerv4\release\ddocharplanner.tlog\rc.command.1.tlog
c:\users\tom\source\repos\ddocharplannerv4\release\ddocharplanner.tlog\rc.read.1.tlog
c:\users\tom\source\repos\ddocharplannerv4\release\ddocharplanner.tlog\rc.write.1.tlog
