e:\planner\ddochargen\release\vc120.pdb
e:\planner\ddochargen\release\interfacemanagerclass.obj
e:\planner\ddochargen\release\iconclass.obj
e:\planner\ddochargen\release\forumexportclass.obj
e:\planner\ddochargen\release\featdataclass.obj
e:\planner\ddochargen\release\exporttemplatedesignwindowclass.obj
e:\planner\ddochargen\release\enhancementwindowclass.obj
e:\planner\ddochargen\release\enhancementwindowbaseclass.obj
e:\planner\ddochargen\release\ddochargen.obj
e:\planner\ddochargen\release\data_enhancement_tree_class.obj
e:\planner\ddochargen\release\data_enhancement_multiselector_class.obj
e:\planner\ddochargen\release\data_enhancement_class.obj
e:\planner\ddochargen\release\data_destiny_tree_class.obj
e:\planner\ddochargen\release\data_destiny_multiselector_class.obj
e:\planner\ddochargen\release\data_destiny_class.obj
e:\planner\ddochargen\release\dataclass.obj
e:\planner\ddochargen\release\controlwindowclass.obj
e:\planner\ddochargen\release\character_enhancements_class.obj
e:\planner\ddochargen\release\character_destinies_class.obj
e:\planner\ddochargen\release\characterclass.obj
e:\planner\ddochargen\release\aboutwindowclass.obj
e:\planner\ddochargen\release\uicomponentmanager.obj
e:\planner\ddochargen\release\tooltipwindowclass.obj
e:\planner\ddochargen\release\screen_destiny_class.obj
e:\planner\ddochargen\release\screen_destiny_base_class.obj
e:\planner\ddochargen\release\richeditbitmapclass.obj
e:\planner\ddochargen\release\printwindowclass.obj
e:\planner\ddochargen\release\printclass.obj
e:\planner\ddochargen\release\multispellswindowclass.obj
e:\planner\ddochargen\release\multiskillswindowclass.obj
e:\planner\ddochargen\release\multifeatwindowclass.obj
e:\planner\ddochargen\release\multienhancementwindowclass.obj
e:\planner\ddochargen\release\multiabilitywindowclass.obj
e:\planner\ddochargen\release\multiclasswindowclass.obj
e:\planner\ddochargen\release\mainscreenclass.obj
e:\planner\ddochargen\release\loadwindowclass.obj
e:\planner\ddochargen\release\itemeffectclass.obj
e:\planner\ddochargen\release\itemclickyeffectclass.obj
e:\planner\ddochargen\release\itemclass.obj
e:\planner\ddochargen\release\itembuilderclass.obj
e:\planner\ddochargen\ddochargen.exe
e:\planner\ddochargen\release\ddochargen.res
e:\planner\ddochargen\\ddochargen.exe
e:\planner\ddochargen\release\ddochargen.tlog\cl.command.1.tlog
e:\planner\ddochargen\release\ddochargen.tlog\cl.read.1.tlog
e:\planner\ddochargen\release\ddochargen.tlog\cl.write.1.tlog
e:\planner\ddochargen\release\ddochargen.tlog\link.command.1.tlog
e:\planner\ddochargen\release\ddochargen.tlog\link.read.1.tlog
e:\planner\ddochargen\release\ddochargen.tlog\link.write.1.tlog
e:\planner\ddochargen\release\ddochargen.tlog\rc.command.1.tlog
e:\planner\ddochargen\release\ddochargen.tlog\rc.read.1.tlog
e:\planner\ddochargen\release\ddochargen.tlog\rc.write.1.tlog
